<?xml version="1.0" encoding="UTF-8"?>
<!-- Generated by org.testng.reporters.JUnitReportReporter -->
<testsuite skipped="0" hostname="DESKTOP-UB4H0PE" name="testng.TestBackDao" tests="2" failures="0" timestamp="16 八月 2017 02:10:56 GMT" time="0.256" errors="0">
  <testcase name="testInsert" time="0.016" classname="testng.TestBackDao"/>
  <testcase name="testGetAll" time="0.240" classname="testng.TestBackDao"/>
</testsuite> <!-- testng.TestBackDao -->
